<?xml version="1.0" encoding="UTF-8"?>
<!-- Generated by org.testng.reporters.JUnitReportReporter -->
<testsuite skipped="0" hostname="MahedihasanHp" name="testcases.Login" tests="1" failures="0" timestamp="2021-03-11T14:37:32 BDT" time="2.466" errors="0">
  <testcase name="loginWeb" time="2.466" classname="testcases.Login"/>
</testsuite> <!-- testcases.Login -->
